<?xml version="1.0" encoding="UTF-8"?>
<testsuite xmlns:xsi="http://www.w3.org/2001/XMLSchema-instance" xsi:noNamespaceSchemaLocation="https://maven.apache.org/surefire/maven-surefire-plugin/xsd/surefire-test-report-3.0.xsd" version="3.0" name="TestSuite" time="782.075" tests="4" errors="0" skipped="0" failures="1">
  <properties>
[...]
</properties>
  <testcase name="self_txt_comaprision" classname="LA_Test_Cases.Self_TxtComparision" time="130.911"/>
  <testcase name="operation" classname="LA_Test_Cases.Self_AnswerAllQuestions" time="153.987"/>
  <testcase name="rater_TxtComparision" classname="LA_Test_Cases.Rater_TxtComparision" time="106.202">
    <failure message="element click intercepted: Element &lt;button aria-haspopup=&quot;true&quot; mat-icon-button=&quot;&quot; class=&quot;mat-icon-button&quot;&gt;...&lt;/button&gt; is not clickable at point (363, 89). Other element would receive the click: &lt;div _ngcontent-c1=&quot;&quot; class=&quot;backdrop ng-star-inserted&quot; style=&quot;border-radius: 0px; background-color: rgba(0, 0, 0, 0.3);&quot;&gt;&lt;/div&gt;&#10;  (Session info: chrome=83.0.4103.97)&#10;Build info: version: &apos;3.141.59&apos;, revision: &apos;e82be7d358&apos;, time: &apos;2018-11-14T08:17:03&apos;&#10;System info: host: &apos;USER&apos;, ip: &apos;172.20.10.4&apos;, os.name: &apos;Windows 10&apos;, os.arch: &apos;amd64&apos;, os.version: &apos;10.0&apos;, java.version: &apos;1.8.0_131&apos;&#10;Driver info: org.openqa.selenium.chrome.ChromeDriver&#10;Capabilities {acceptInsecureCerts: false, browserName: chrome, browserVersion: 83.0.4103.97, chrome: {chromedriverVersion: 83.0.4103.39 (ccbf011cb2d2b..., userDataDir: C:\Users\dell\AppData\Local...}, goog:chromeOptions: {debuggerAddress: localhost:5211}, javascriptEnabled: true, networkConnectionEnabled: false, pageLoadStrategy: normal, platform: WINDOWS, platformName: WINDOWS, proxy: Proxy(), setWindowRect: true, strictFileInteractability: false, timeouts: {implicit: 0, pageLoad: 300000, script: 30000}, unhandledPromptBehavior: dismiss and notify, webauthn:virtualAuthenticators: true}&#10;Session ID: 867720687e88c24f73c1f8e2c7bcfd76" type="org.openqa.selenium.ElementClickInterceptedException"><![CDATA[org.openqa.selenium.ElementClickInterceptedException: 
element click intercepted: Element <button aria-haspopup="true" mat-icon-button="" class="mat-icon-button">...</button> is not clickable at point (363, 89). Other element would receive the click: <div _ngcontent-c1="" class="backdrop ng-star-inserted" style="border-radius: 0px; background-color: rgba(0, 0, 0, 0.3);"></div>
  (Session info: chrome=83.0.4103.97)
Build info: version: '3.141.59', revision: 'e82be7d358', time: '2018-11-14T08:17:03'
System info: host: 'USER', ip: '172.20.10.4', os.name: 'Windows 10', os.arch: 'amd64', os.version: '10.0', java.version: '1.8.0_131'
Driver info: org.openqa.selenium.chrome.ChromeDriver
Capabilities {acceptInsecureCerts: false, browserName: chrome, browserVersion: 83.0.4103.97, chrome: {chromedriverVersion: 83.0.4103.39 (ccbf011cb2d2b..., userDataDir: C:\Users\dell\AppData\Local...}, goog:chromeOptions: {debuggerAddress: localhost:5211}, javascriptEnabled: true, networkConnectionEnabled: false, pageLoadStrategy: normal, platform: WINDOWS, platformName: WINDOWS, proxy: Proxy(), setWindowRect: true, strictFileInteractability: false, timeouts: {implicit: 0, pageLoad: 300000, script: 30000}, unhandledPromptBehavior: dismiss and notify, webauthn:virtualAuthenticators: true}
Session ID: 867720687e88c24f73c1f8e2c7bcfd76
	at LA_Test_Cases.Rater_TxtComparision.rater_TxtComparision(Rater_TxtComparision.java:44)
]]></failure>
    <system-out><![CDATA[1
boss@testmail.com
Pass11dev
Center for Creative Leadership
element not found
Center for Creative Leadership
]]></system-out>
    <system-err><![CDATA[Starting ChromeDriver 83.0.4103.39 (ccbf011cb2d2b19b506d844400483861342c20cd-refs/branch-heads/4103@{#416}) on port 13814
Only local connections are allowed.
Please see https://chromedriver.chromium.org/security-considerations for suggestions on keeping ChromeDriver safe.
ChromeDriver was started successfully.
Jun 12, 2020 3:18:38 PM org.openqa.selenium.remote.ProtocolHandshake createSession
INFO: Detected dialect: W3C
]]></system-err>
  </testcase>
  <testcase name="operation" classname="LA_Test_Cases.Rater_AnswerAllQuestions" time="227.019"/>
</testsuite>